Determining if the pthread_create exist failed with the following output:
Change Dir: /home/workspace/SFND_Unscented_Kalman_Filter/build/CMakeFiles/CMakeTmp

Run Build Command:"/usr/bin/make" "cmTC_4a9e3/fast"
/usr/bin/make -f CMakeFiles/cmTC_4a9e3.dir/build.make CMakeFiles/cmTC_4a9e3.dir/build
make[1]: Entering directory '/home/workspace/SFND_Unscented_Kalman_Filter/build/CMakeFiles/CMakeTmp'
Building C object CMakeFiles/cmTC_4a9e3.dir/CheckSymbolExists.c.o
/usr/bin/cc    -o CMakeFiles/cmTC_4a9e3.dir/CheckSymbolExists.c.o   -c /home/workspace/SFND_Unscented_Kalman_Filter/build/CMakeFiles/CMakeTmp/CheckSymbolExists.c
Linking C executable cmTC_4a9e3
/usr/local/bin/cmake -E cmake_link_script CMakeFiles/cmTC_4a9e3.dir/link.txt --verbose=1
/usr/bin/cc      -rdynamic CMakeFiles/cmTC_4a9e3.dir/CheckSymbolExists.c.o  -o cmTC_4a9e3 
CMakeFiles/cmTC_4a9e3.dir/CheckSymbolExists.c.o: In function `main':
CheckSymbolExists.c:(.text+0x16): undefined reference to `pthread_create'
collect2: error: ld returned 1 exit status
CMakeFiles/cmTC_4a9e3.dir/build.make:86: recipe for target 'cmTC_4a9e3' failed
make[1]: *** [cmTC_4a9e3] Error 1
make[1]: Leaving directory '/home/workspace/SFND_Unscented_Kalman_Filter/build/CMakeFiles/CMakeTmp'
Makefile:121: recipe for target 'cmTC_4a9e3/fast' failed
make: *** [cmTC_4a9e3/fast] Error 2

File /home/workspace/SFND_Unscented_Kalman_Filter/build/CMakeFiles/CMakeTmp/CheckSymbolExists.c:
/* */
#include <pthread.h>

int main(int argc, char** argv)
{
  (void)argv;
#ifndef pthread_create
  return ((int*)(&pthread_create))[argc];
#else
  (void)argc;
  return 0;
#endif
}

Determining if the function pthread_create exists in the pthreads failed with the following output:
Change Dir: /home/workspace/SFND_Unscented_Kalman_Filter/build/CMakeFiles/CMakeTmp

Run Build Command:"/usr/bin/make" "cmTC_d998a/fast"
/usr/bin/make -f CMakeFiles/cmTC_d998a.dir/build.make CMakeFiles/cmTC_d998a.dir/build
make[1]: Entering directory '/home/workspace/SFND_Unscented_Kalman_Filter/build/CMakeFiles/CMakeTmp'
Building C object CMakeFiles/cmTC_d998a.dir/CheckFunctionExists.c.o
/usr/bin/cc   -DCHECK_FUNCTION_EXISTS=pthread_create   -o CMakeFiles/cmTC_d998a.dir/CheckFunctionExists.c.o   -c /usr/local/share/cmake-3.13/Modules/CheckFunctionExists.c
Linking C executable cmTC_d998a
/usr/local/bin/cmake -E cmake_link_script CMakeFiles/cmTC_d998a.dir/link.txt --verbose=1
/usr/bin/cc  -DCHECK_FUNCTION_EXISTS=pthread_create    -rdynamic CMakeFiles/cmTC_d998a.dir/CheckFunctionExists.c.o  -o cmTC_d998a -lpthreads 
/usr/bin/ld: cannot find -lpthreads
collect2: error: ld returned 1 exit status
CMakeFiles/cmTC_d998a.dir/build.make:86: recipe for target 'cmTC_d998a' failed
make[1]: *** [cmTC_d998a] Error 1
make[1]: Leaving directory '/home/workspace/SFND_Unscented_Kalman_Filter/build/CMakeFiles/CMakeTmp'
Makefile:121: recipe for target 'cmTC_d998a/fast' failed
make: *** [cmTC_d998a/fast] Error 2


